<?xml version="1.0" encoding="UTF-8"?>
<testsuite xmlns:xsi="http://www.w3.org/2001/XMLSchema-instance" xsi:schemaLocation="https://maven.apache.org/surefire/maven-surefire-plugin/xsd/surefire-test-report.xsd" name="TestSuite" time="113.382" tests="1" errors="0" skipped="0" failures="1">
  <properties>
[...]
</properties>
  <testcase name="test1" classname="SeleniumHQ.Tabs.SampleLogin" time="112.807">
    <failure message="Element is no longer attached to the DOM&#10;Command duration or timeout: 24 milliseconds&#10;For documentation on this error, please visit: http://seleniumhq.org/exceptions/stale_element_reference.html&#10;Build info: version: &apos;3.0.1&apos;, revision: &apos;1969d75&apos;, time: &apos;2016-10-18 09:49:13 -0700&apos;&#10;System info: host: &apos;IBM372-PC09Z6VS&apos;, ip: &apos;192.168.1.2&apos;, os.name: &apos;Windows 7&apos;, os.arch: &apos;amd64&apos;, os.version: &apos;6.1&apos;, java.version: &apos;1.8.0_92&apos;&#10;Driver info: org.openqa.selenium.firefox.FirefoxDriver&#10;Capabilities [{applicationCacheEnabled=true, rotatable=false, handlesAlerts=true, databaseEnabled=true, version=46.0.1, platform=WINDOWS, nativeEvents=false, acceptSslCerts=true, webStorageEnabled=true, locationContextEnabled=true, browserName=firefox, takesScreenshot=true, javascriptEnabled=true, cssSelectorsEnabled=true}]&#10;Session ID: 054b887a-0509-4158-8e08-2059f5fbbdc2" type="org.openqa.selenium.StaleElementReferenceException">org.openqa.selenium.StaleElementReferenceException: 
Element is no longer attached to the DOM
Command duration or timeout: 24 milliseconds
For documentation on this error, please visit: http://seleniumhq.org/exceptions/stale_element_reference.html
Build info: version: '3.0.1', revision: '1969d75', time: '2016-10-18 09:49:13 -0700'
System info: host: 'IBM372-PC09Z6VS', ip: '192.168.1.2', os.name: 'Windows 7', os.arch: 'amd64', os.version: '6.1', java.version: '1.8.0_92'
Driver info: org.openqa.selenium.firefox.FirefoxDriver
Capabilities [{applicationCacheEnabled=true, rotatable=false, handlesAlerts=true, databaseEnabled=true, version=46.0.1, platform=WINDOWS, nativeEvents=false, acceptSslCerts=true, webStorageEnabled=true, locationContextEnabled=true, browserName=firefox, takesScreenshot=true, javascriptEnabled=true, cssSelectorsEnabled=true}]
Session ID: 054b887a-0509-4158-8e08-2059f5fbbdc2
	at SeleniumHQ.Tabs.SampleLogin.test1(SampleLogin.java:243)
Caused by: org.openqa.selenium.StaleElementReferenceException: 
Element is no longer attached to the DOM
For documentation on this error, please visit: http://seleniumhq.org/exceptions/stale_element_reference.html
Build info: version: '3.0.1', revision: '1969d75', time: '2016-10-18 09:49:13 -0700'
System info: host: 'IBM372-PC09Z6VS', ip: '192.168.1.2', os.name: 'Windows 7', os.arch: 'amd64', os.version: '6.1', java.version: '1.8.0_92'
Driver info: driver.version: unknown
</failure>
    <system-out><![CDATA[Step1 Pass
Step2 Pass
Step3 Pass
exceptin is org.openqa.selenium.WebDriverException: Element <div class="_2kFyHg _-9cJSB" is="null"></div> is not clickable at point (124, 13.600006103515625). Other element would receive the click: <div class="_1H5F__" data-reactid="10"></div> (WARNING: The server did not provide any stacktrace information)
Command duration or timeout: 355 milliseconds
Build info: version: '3.0.1', revision: '1969d75', time: '2016-10-18 09:49:13 -0700'
System info: host: 'IBM372-PC09Z6VS', ip: '192.168.1.2', os.name: 'Windows 7', os.arch: 'amd64', os.version: '6.1', java.version: '1.8.0_92'
Driver info: org.openqa.selenium.firefox.FirefoxDriver
Capabilities [{applicationCacheEnabled=true, rotatable=false, handlesAlerts=true, databaseEnabled=true, version=46.0.1, platform=WINDOWS, nativeEvents=false, acceptSslCerts=true, webStorageEnabled=true, locationContextEnabled=true, browserName=firefox, takesScreenshot=true, javascriptEnabled=true, cssSelectorsEnabled=true}]
Session ID: 054b887a-0509-4158-8e08-2059f5fbbdc2
total left size is8
inside 3rd loop1
leftItemText is1OCCASION
inside 3rd loop2
leftItemText is2TYPE OF SHOES
inside 3rd loop3
leftItemText is3BRAND
inside 3rd loop4
leftItemText is4DISCOUNT
inside 3rd loop5
leftItemText is5SIZE - UK/INDIA
inside 3rd if5
clicked on more
element 7 clicked successfully
filter successfully selected
Step5 Pass
Total shoes are60
text is1
inside loop1
value of i is1
inside id value of i1
Step6 Pass
total size are1
text related to Size-UK/India is  +   Size- UK/India
inside 2nd for loop step11
text for each size is1  8
8
inside 2nd for loop step21
inside 3rd if step11
]]></system-out>
    <system-err><![CDATA[Feb 25, 2017 7:01:34 PM org.openqa.selenium.remote.ProtocolHandshake createSession
INFO: Attempting bi-dialect session, assuming Postel's Law holds true on the remote end
Feb 25, 2017 7:01:34 PM org.openqa.selenium.remote.ProtocolHandshake createSession
INFO: Detected dialect: OSS
]]></system-err>
  </testcase>
</testsuite>